Array
(
    [LogTime] => 2019-12-12 11:32:25
    [ServerIP] => 127.0.0.1
    [ClientIP] => 127.0.0.1
    [request] => Array
        (
            [_datetime] => 2019-12-12 11:32:25
            [_ip] => 127.0.0.1
            [_userid] => 0
            [appid] => admin_api_call
            [key] => ADMIN_LOGIN_CODE
            [method] => sms.send
            [mobile] => 18575202691
            [oriJson] => {"v":"1.0.0","appid":"admin_api_call","platform":5,"request_no":"Req-2019121211320000000001","timestamp":1576121545,"method":"sms.send","mobile":"18575202691","key":"ADMIN_LOGIN_CODE"}
            [platform] => 5
            [request_no] => Req-2019121211320000000001
            [sign] => 765FA67C055A30CA9093127934D8C240
            [timestamp] => 1576121545
            [v] => 1.0.0
            [_response_date] => 2019-12-12 11:32:25
        )

    [response] => Array
        (
            [code] => 200
            [msg] => 发送成功
        )

)


Array
(
    [LogTime] => 2019-12-12 11:32:28
    [ServerIP] => 127.0.0.1
    [ClientIP] => 127.0.0.1
    [request] => Array
        (
            [_datetime] => 2019-12-12 11:32:28
            [_ip] => 127.0.0.1
            [_userid] => 0
            [appid] => admin_api_call
            [code] => 123456
            [key] => ADMIN_LOGIN_CODE
            [method] => sms.verify
            [mobile] => 18575202691
            [oriJson] => {"v":"1.0.0","appid":"admin_api_call","platform":5,"request_no":"Req-2019121211320000000002","timestamp":1576121548,"method":"sms.verify","mobile":"18575202691","key":"ADMIN_LOGIN_CODE","code":"123456"}
            [platform] => 5
            [request_no] => Req-2019121211320000000002
            [sign] => 415198BA9E6CBDC2313CF1D76C724EAF
            [timestamp] => 1576121548
            [v] => 1.0.0
            [_response_date] => 2019-12-12 11:32:28
        )

    [response] => Array
        (
            [code] => 200
            [msg] => 验证码正确
        )

)


