Array
(
    [LogTime] => 2020-03-13 16:50:11
    [ServerIP] => 10.0.2.15
    [ClientIP] => 10.0.2.2
    [request] => Array
        (
            [_datetime] => 2020-03-13 16:50:11
            [_ip] => 10.0.2.2
            [_userid] => 6
            [app_v] => 1.0.0
            [appid] => appid_test
            [channel] => huawei
            [device_token] => AhIWfj5ulQTChf8DsDti5ezNB8_1nEezN7eMIv6OfebA
            [gold] => 100
            [guessid] => 1
            [latitude] => 26.63
            [longitude] => 106.75
            [method] => game.guess.do
            [option] => A
            [oriJson] => {"method":"game.guess.do","gold":100,"guessid":1,"option":"A","token":"cebeCAEDAgMJVAJTVQVaAAFfUQ5UBlYGVVUFBVMFbFIADlAKUwVQCw0GUFYAAFMBUA4EDwcGAFcDXVZTUwtVPQADCQwBBQQBD1I7UmxRB0Q","device_token":"AhIWfj5ulQTChf8DsDti5ezNB8_1nEezN7eMIv6OfebA","v":"1.0.0","appid":"appid_test","timestamp":1584089411,"unique_id":"b91f5a1e50d6a0fff36dda5a1bb08d76","app_v":"1.0.0","token":"cebeCAEDAgMJVAJTVQVaAAFfUQ5UBlYGVVUFBVMFbFIADlAKUwVQCw0GUFYAAFMBUA4EDwcGAFcDXVZTUwtVPQADCQwBBQQBD1I7UmxRB0Q","longitude":"106.75","latitude":"26.63","channel":"huawei","platform":"1"}
            [platform] => 1
            [sign] => 557ABB5FEEF667F15FA24D2B9E1DE4F3
            [timestamp] => 1584089411
            [token] => cebeCAEDAgMJVAJTVQVaAAFfUQ5UBlYGVVUFBVMFbFIADlAKUwVQCw0GUFYAAFMBUA4EDwcGAFcDXVZTUwtVPQADCQwBBQQBD1I7UmxRB0Q
            [unique_id] => b91f5a1e50d6a0fff36dda5a1bb08d76
            [v] => 1.0.0
            [_response_date] => 2020-03-13 16:50:11
        )

    [response] => Array
        (
            [code] => 200
            [msg] => 竞猜成功
            [data] => Array
                (
                    [gold] => 1910
                )

        )

)


Array
(
    [LogTime] => 2020-03-13 16:50:16
    [ServerIP] => 10.0.2.15
    [ClientIP] => 10.0.2.2
    [request] => Array
        (
            [_datetime] => 2020-03-13 16:50:16
            [_ip] => 10.0.2.2
            [_userid] => 6
            [app_v] => 1.0.0
            [appid] => appid_test
            [channel] => huawei
            [device_token] => AhIWfj5ulQTChf8DsDti5ezNB8_1nEezN7eMIv6OfebA
            [latitude] => 26.63
            [longitude] => 106.75
            [method] => game.guess.records
            [oriJson] => {"method":"game.guess.records","page":1,"token":"cebeCAEDAgMJVAJTVQVaAAFfUQ5UBlYGVVUFBVMFbFIADlAKUwVQCw0GUFYAAFMBUA4EDwcGAFcDXVZTUwtVPQADCQwBBQQBD1I7UmxRB0Q","device_token":"AhIWfj5ulQTChf8DsDti5ezNB8_1nEezN7eMIv6OfebA","v":"1.0.0","appid":"appid_test","timestamp":1584089416,"unique_id":"b91f5a1e50d6a0fff36dda5a1bb08d76","app_v":"1.0.0","token":"cebeCAEDAgMJVAJTVQVaAAFfUQ5UBlYGVVUFBVMFbFIADlAKUwVQCw0GUFYAAFMBUA4EDwcGAFcDXVZTUwtVPQADCQwBBQQBD1I7UmxRB0Q","longitude":"106.75","latitude":"26.63","channel":"huawei","platform":"1"}
            [page] => 1
            [platform] => 1
            [sign] => 59F206C65CA44F32AEB57C4E653D9758
            [timestamp] => 1584089416
            [token] => cebeCAEDAgMJVAJTVQVaAAFfUQ5UBlYGVVUFBVMFbFIADlAKUwVQCw0GUFYAAFMBUA4EDwcGAFcDXVZTUwtVPQADCQwBBQQBD1I7UmxRB0Q
            [unique_id] => b91f5a1e50d6a0fff36dda5a1bb08d76
            [v] => 1.0.0
            [_response_date] => 2020-03-13 16:50:16
        )

    [response] => Array
        (
            [code] => 200
            [msg] => success
            [data] => Array
                (
                    [list] => Array
                        (
                            [0] => Array
                                (
                                    [guessid] => 1
                                    [title] => 2018 年世界杯得主是谁?
                                    [is_open] => 0
                                    [open_result] => 
                                    [deadline] => 2020-04-21 23:11:00
                                    [image_url] => http://files.godleg.com/images/voucher/20190830/5d68835b07091.jpg
                                    [bet_gold] => 100
                                    [answer_index] => A
                                    [prize_status] => 0
                                    [prize_money] => 200
                                    [c_time] => 2020-03-13 16:50:11
                                )

                        )

                    [total] => 1
                    [page] => 1
                    [count] => 20
                    [isnext] => 
                )

        )

)


Array
(
    [LogTime] => 2020-03-13 16:50:21
    [ServerIP] => 10.0.2.15
    [ClientIP] => 10.0.2.2
    [request] => Array
        (
            [_datetime] => 2020-03-13 16:50:21
            [_ip] => 10.0.2.2
            [_userid] => 6
            [app_v] => 1.0.0
            [appid] => appid_test
            [channel] => huawei
            [device_token] => AhIWfj5ulQTChf8DsDti5ezNB8_1nEezN7eMIv6OfebA
            [latitude] => 26.63
            [longitude] => 106.75
            [method] => game.guess.questions
            [oriJson] => {"method":"game.guess.questions","page":1,"token":"cebeCAEDAgMJVAJTVQVaAAFfUQ5UBlYGVVUFBVMFbFIADlAKUwVQCw0GUFYAAFMBUA4EDwcGAFcDXVZTUwtVPQADCQwBBQQBD1I7UmxRB0Q","device_token":"AhIWfj5ulQTChf8DsDti5ezNB8_1nEezN7eMIv6OfebA","v":"1.0.0","appid":"appid_test","timestamp":1584089421,"unique_id":"b91f5a1e50d6a0fff36dda5a1bb08d76","app_v":"1.0.0","token":"cebeCAEDAgMJVAJTVQVaAAFfUQ5UBlYGVVUFBVMFbFIADlAKUwVQCw0GUFYAAFMBUA4EDwcGAFcDXVZTUwtVPQADCQwBBQQBD1I7UmxRB0Q","longitude":"106.75","latitude":"26.63","channel":"huawei","platform":"1"}
            [page] => 1
            [platform] => 1
            [sign] => 3F85A8C2184BEC830EF4DBBC894814E8
            [timestamp] => 1584089421
            [token] => cebeCAEDAgMJVAJTVQVaAAFfUQ5UBlYGVVUFBVMFbFIADlAKUwVQCw0GUFYAAFMBUA4EDwcGAFcDXVZTUwtVPQADCQwBBQQBD1I7UmxRB0Q
            [unique_id] => b91f5a1e50d6a0fff36dda5a1bb08d76
            [v] => 1.0.0
            [_response_date] => 2020-03-13 16:50:21
        )

    [response] => Array
        (
            [code] => 200
            [msg] => 竞猜成功
            [data] => Array
                (
                    [list] => Array
                        (
                            [0] => Array
                                (
                                    [guessid] => 2
                                    [title] => 亚运会奖牌最多的国家是？
                                    [image_url] => http://files.godleg.com/images/voucher/20190830/5d6883509a1cd.jpg
                                    [deadline] => 2018-08-31 16:04:00
                                    [option_data] => {"A":{"op_title":"中国队","op_odds":"5"},"B":{"op_title":"英国队","op_odds":"2"},"C":{"op_title":"德国队","op_odds":"3"},"D":{"op_title":"","op_odds":""},"E":{"op_title":"","op_odds":""}}
                                )

                            [1] => Array
                                (
                                    [guessid] => 1
                                    [title] => 2018 年世界杯得主是谁?
                                    [image_url] => http://files.godleg.com/images/voucher/20190830/5d68835b07091.jpg
                                    [deadline] => 2020-04-21 23:11:00
                                    [option_data] => {"A":{"op_title":"德国队","op_odds":"2"},"B":{"op_title":"法国队","op_odds":"2"},"C":{"op_title":"","op_odds":""},"D":{"op_title":"","op_odds":""},"E":{"op_title":"","op_odds":""}}
                                )

                        )

                    [total] => 2
                    [page] => 1
                    [count] => 20
                    [isnext] => 
                )

        )

)


Array
(
    [LogTime] => 2020-03-13 16:52:55
    [ServerIP] => 10.0.2.15
    [ClientIP] => 10.0.2.2
    [request] => Array
        (
            [_datetime] => 2020-03-13 16:52:54
            [_ip] => 10.0.2.2
            [_userid] => 6
            [app_v] => 1.0.0
            [appid] => appid_test
            [channel] => huawei
            [device_token] => AhIWfj5ulQTChf8DsDti5ezNB8_1nEezN7eMIv6OfebA
            [latitude] => 26.63
            [longitude] => 106.75
            [method] => game.lucky.home
            [oriJson] => {"method":"game.lucky.home","token":"cebeCAEDAgMJVAJTVQVaAAFfUQ5UBlYGVVUFBVMFbFIADlAKUwVQCw0GUFYAAFMBUA4EDwcGAFcDXVZTUwtVPQADCQwBBQQBD1I7UmxRB0Q","device_token":"AhIWfj5ulQTChf8DsDti5ezNB8_1nEezN7eMIv6OfebA","v":"1.0.0","appid":"appid_test","timestamp":1584089575,"unique_id":"b91f5a1e50d6a0fff36dda5a1bb08d76","app_v":"1.0.0","token":"cebeCAEDAgMJVAJTVQVaAAFfUQ5UBlYGVVUFBVMFbFIADlAKUwVQCw0GUFYAAFMBUA4EDwcGAFcDXVZTUwtVPQADCQwBBQQBD1I7UmxRB0Q","longitude":"106.75","latitude":"26.63","channel":"huawei","platform":"1"}
            [platform] => 1
            [sign] => D48E7E2548A22A50DE4E5E52C97C7DC9
            [timestamp] => 1584089575
            [token] => cebeCAEDAgMJVAJTVQVaAAFfUQ5UBlYGVVUFBVMFbFIADlAKUwVQCw0GUFYAAFMBUA4EDwcGAFcDXVZTUwtVPQADCQwBBQQBD1I7UmxRB0Q
            [unique_id] => b91f5a1e50d6a0fff36dda5a1bb08d76
            [v] => 1.0.0
            [_response_date] => 2020-03-13 16:52:55
        )

    [response] => Array
        (
            [code] => 200
            [msg] => success
            [data] => Array
                (
                    [reward] => Array
                        (
                            [0] => Array
                                (
                                    [goods_name] => 耳机一副
                                    [image_url] => http://files.hunshijian.com/images/voucher/20180830/5b875b77ea0b7.png
                                    [reward_val] => 0
                                )

                            [1] => Array
                                (
                                    [goods_name] => 话费10元
                                    [image_url] => http://files.hunshijian.com/images/voucher/20180830/5b875b79dee8a.png
                                    [reward_val] => 10
                                )

                            [2] => Array
                                (
                                    [goods_name] => 500 金币
                                    [image_url] => http://files.hunshijian.com/images/voucher/20180830/5b875b7b6e129.png
                                    [reward_val] => 500
                                )

                            [3] => Array
                                (
                                    [goods_name] => 300 金币
                                    [image_url] => http://files.hunshijian.com/images/voucher/20180830/5b875b7d6b10e.png
                                    [reward_val] => 300
                                )

                            [4] => Array
                                (
                                    [goods_name] => 200 金币
                                    [image_url] => http://files.hunshijian.com/images/voucher/20180830/5b875b7f38613.png
                                    [reward_val] => 200
                                )

                            [5] => Array
                                (
                                    [goods_name] => 100 金币
                                    [image_url] => http://files.hunshijian.com/images/voucher/20180830/5b875b8177cc8.png
                                    [reward_val] => 100
                                )

                            [6] => Array
                                (
                                    [goods_name] => 50 金币
                                    [image_url] => http://files.hunshijian.com/images/voucher/20180830/5b875b8331621.png
                                    [reward_val] => 50
                                )

                            [7] => Array
                                (
                                    [goods_name] => 未中奖
                                    [image_url] => http://files.hunshijian.com/images/voucher/20180830/5b875b84c1d6c.png
                                    [reward_val] => 0
                                )

                        )

                    [newest] => Array
                        (
                            [0] => Array
                                (
                                    [mobile] => 18*****2691
                                    [nickname] => 148****1001
                                    [goods_name] => 300 金币
                                    [c_time] => 08-02 15:36
                                )

                            [1] => Array
                                (
                                    [mobile] => 18*****2691
                                    [nickname] => 148****1001
                                    [goods_name] => 200 金币
                                    [c_time] => 08-02 15:36
                                )

                            [2] => Array
                                (
                                    [mobile] => 18*****2691
                                    [nickname] => 148****1001
                                    [goods_name] => 200 金币
                                    [c_time] => 08-02 15:36
                                )

                            [3] => Array
                                (
                                    [mobile] => 18*****2691
                                    [nickname] => 148****1001
                                    [goods_name] => 200 金币
                                    [c_time] => 08-02 15:36
                                )

                            [4] => Array
                                (
                                    [mobile] => 18*****2691
                                    [nickname] => 148****1001
                                    [goods_name] => 100 金币
                                    [c_time] => 09-13 10:51
                                )

                            [5] => Array
                                (
                                    [mobile] => 18*****2691
                                    [nickname] => 148****1001
                                    [goods_name] => 300 金币
                                    [c_time] => 09-13 10:51
                                )

                            [6] => Array
                                (
                                    [mobile] => 18*****2691
                                    [nickname] => 148****1001
                                    [goods_name] => 200 金币
                                    [c_time] => 08-31 15:51
                                )

                            [7] => Array
                                (
                                    [mobile] => 18*****2691
                                    [nickname] => 148****1001
                                    [goods_name] => 200 金币
                                    [c_time] => 08-31 15:26
                                )

                            [8] => Array
                                (
                                    [mobile] => 18*****2691
                                    [nickname] => 148****1001
                                    [goods_name] => 300 金币
                                    [c_time] => 08-31 15:23
                                )

                            [9] => Array
                                (
                                    [mobile] => 18*****2691
                                    [nickname] => 148****1001
                                    [goods_name] => 200 金币
                                    [c_time] => 08-31 15:23
                                )

                        )

                )

        )

)


Array
(
    [LogTime] => 2020-03-13 16:54:08
    [ServerIP] => 10.0.2.15
    [ClientIP] => 10.0.2.2
    [request] => Array
        (
            [_datetime] => 2020-03-13 16:54:07
            [_ip] => 10.0.2.2
            [_userid] => 6
            [app_v] => 1.0.0
            [appid] => appid_test
            [channel] => huawei
            [device_token] => AhIWfj5ulQTChf8DsDti5ezNB8_1nEezN7eMIv6OfebA
            [latitude] => 26.63
            [longitude] => 106.75
            [method] => game.lucky.newest
            [oriJson] => {"method":"game.lucky.newest","token":"cebeCAEDAgMJVAJTVQVaAAFfUQ5UBlYGVVUFBVMFbFIADlAKUwVQCw0GUFYAAFMBUA4EDwcGAFcDXVZTUwtVPQADCQwBBQQBD1I7UmxRB0Q","device_token":"AhIWfj5ulQTChf8DsDti5ezNB8_1nEezN7eMIv6OfebA","v":"1.0.0","appid":"appid_test","timestamp":1584089648,"unique_id":"b91f5a1e50d6a0fff36dda5a1bb08d76","app_v":"1.0.0","token":"cebeCAEDAgMJVAJTVQVaAAFfUQ5UBlYGVVUFBVMFbFIADlAKUwVQCw0GUFYAAFMBUA4EDwcGAFcDXVZTUwtVPQADCQwBBQQBD1I7UmxRB0Q","longitude":"106.75","latitude":"26.63","channel":"huawei","platform":"1"}
            [platform] => 1
            [sign] => 1F407F19E8755795E4A4F4B1772C5BFC
            [timestamp] => 1584089648
            [token] => cebeCAEDAgMJVAJTVQVaAAFfUQ5UBlYGVVUFBVMFbFIADlAKUwVQCw0GUFYAAFMBUA4EDwcGAFcDXVZTUwtVPQADCQwBBQQBD1I7UmxRB0Q
            [unique_id] => b91f5a1e50d6a0fff36dda5a1bb08d76
            [v] => 1.0.0
            [_response_date] => 2020-03-13 16:54:08
        )

    [response] => Array
        (
            [code] => 200
            [msg] => success
            [data] => Array
                (
                    [list] => Array
                        (
                            [0] => Array
                                (
                                    [mobile] => 18*****2691
                                    [nickname] => 148****1001
                                    [goods_name] => 300 金币
                                    [c_time] => 08-02 15:36
                                )

                            [1] => Array
                                (
                                    [mobile] => 18*****2691
                                    [nickname] => 148****1001
                                    [goods_name] => 200 金币
                                    [c_time] => 08-02 15:36
                                )

                            [2] => Array
                                (
                                    [mobile] => 18*****2691
                                    [nickname] => 148****1001
                                    [goods_name] => 200 金币
                                    [c_time] => 08-02 15:36
                                )

                            [3] => Array
                                (
                                    [mobile] => 18*****2691
                                    [nickname] => 148****1001
                                    [goods_name] => 200 金币
                                    [c_time] => 08-02 15:36
                                )

                            [4] => Array
                                (
                                    [mobile] => 18*****2691
                                    [nickname] => 148****1001
                                    [goods_name] => 100 金币
                                    [c_time] => 09-13 10:51
                                )

                            [5] => Array
                                (
                                    [mobile] => 18*****2691
                                    [nickname] => 148****1001
                                    [goods_name] => 300 金币
                                    [c_time] => 09-13 10:51
                                )

                            [6] => Array
                                (
                                    [mobile] => 18*****2691
                                    [nickname] => 148****1001
                                    [goods_name] => 200 金币
                                    [c_time] => 08-31 15:51
                                )

                            [7] => Array
                                (
                                    [mobile] => 18*****2691
                                    [nickname] => 148****1001
                                    [goods_name] => 200 金币
                                    [c_time] => 08-31 15:26
                                )

                            [8] => Array
                                (
                                    [mobile] => 18*****2691
                                    [nickname] => 148****1001
                                    [goods_name] => 300 金币
                                    [c_time] => 08-31 15:23
                                )

                            [9] => Array
                                (
                                    [mobile] => 18*****2691
                                    [nickname] => 148****1001
                                    [goods_name] => 200 金币
                                    [c_time] => 08-31 15:23
                                )

                            [10] => Array
                                (
                                    [mobile] => 18*****2691
                                    [nickname] => 148****1001
                                    [goods_name] => 200 金币
                                    [c_time] => 08-31 15:23
                                )

                            [11] => Array
                                (
                                    [mobile] => 18*****2691
                                    [nickname] => 148****1001
                                    [goods_name] => 500 金币
                                    [c_time] => 08-31 14:48
                                )

                            [12] => Array
                                (
                                    [mobile] => 18*****2691
                                    [nickname] => 148****1001
                                    [goods_name] => 300 金币
                                    [c_time] => 08-31 14:48
                                )

                            [13] => Array
                                (
                                    [mobile] => 18*****2691
                                    [nickname] => 148****1001
                                    [goods_name] => 50 金币
                                    [c_time] => 08-31 14:46
                                )

                            [14] => Array
                                (
                                    [mobile] => 18*****2691
                                    [nickname] => 148****1001
                                    [goods_name] => 300 金币
                                    [c_time] => 08-31 14:45
                                )

                            [15] => Array
                                (
                                    [mobile] => 18*****2691
                                    [nickname] => 148****1001
                                    [goods_name] => 50 金币
                                    [c_time] => 08-31 14:44
                                )

                            [16] => Array
                                (
                                    [mobile] => 18*****2691
                                    [nickname] => 148****1001
                                    [goods_name] => 50 金币
                                    [c_time] => 08-31 14:38
                                )

                            [17] => Array
                                (
                                    [mobile] => 18*****2691
                                    [nickname] => 148****1001
                                    [goods_name] => 300 金币
                                    [c_time] => 08-31 14:38
                                )

                            [18] => Array
                                (
                                    [mobile] => 18*****2691
                                    [nickname] => 148****1001
                                    [goods_name] => 300 金币
                                    [c_time] => 08-31 14:38
                                )

                            [19] => Array
                                (
                                    [mobile] => 18*****2691
                                    [nickname] => 148****1001
                                    [goods_name] => 50 金币
                                    [c_time] => 08-31 14:37
                                )

                        )

                )

        )

)


Array
(
    [LogTime] => 2020-03-13 16:55:34
    [ServerIP] => 10.0.2.15
    [ClientIP] => 10.0.2.2
    [request] => Array
        (
            [_datetime] => 2020-03-13 16:55:34
            [_ip] => 10.0.2.2
            [_userid] => 6
            [app_v] => 1.0.0
            [appid] => appid_test
            [channel] => huawei
            [device_token] => AhIWfj5ulQTChf8DsDti5ezNB8_1nEezN7eMIv6OfebA
            [latitude] => 26.63
            [longitude] => 106.75
            [method] => game.lucky.records
            [oriJson] => {"method":"game.lucky.records","page":1,"token":"cebeCAEDAgMJVAJTVQVaAAFfUQ5UBlYGVVUFBVMFbFIADlAKUwVQCw0GUFYAAFMBUA4EDwcGAFcDXVZTUwtVPQADCQwBBQQBD1I7UmxRB0Q","device_token":"AhIWfj5ulQTChf8DsDti5ezNB8_1nEezN7eMIv6OfebA","v":"1.0.0","appid":"appid_test","timestamp":1584089734,"unique_id":"b91f5a1e50d6a0fff36dda5a1bb08d76","app_v":"1.0.0","token":"cebeCAEDAgMJVAJTVQVaAAFfUQ5UBlYGVVUFBVMFbFIADlAKUwVQCw0GUFYAAFMBUA4EDwcGAFcDXVZTUwtVPQADCQwBBQQBD1I7UmxRB0Q","longitude":"106.75","latitude":"26.63","channel":"huawei","platform":"1"}
            [page] => 1
            [platform] => 1
            [sign] => 7A54B574FA6B682E391440270A4D3A57
            [timestamp] => 1584089734
            [token] => cebeCAEDAgMJVAJTVQVaAAFfUQ5UBlYGVVUFBVMFbFIADlAKUwVQCw0GUFYAAFMBUA4EDwcGAFcDXVZTUwtVPQADCQwBBQQBD1I7UmxRB0Q
            [unique_id] => b91f5a1e50d6a0fff36dda5a1bb08d76
            [v] => 1.0.0
            [_response_date] => 2020-03-13 16:55:34
        )

    [response] => Array
        (
            [code] => 200
            [msg] => success
            [data] => Array
                (
                    [list] => Array
                        (
                        )

                    [total] => 0
                    [page] => -1
                    [count] => 1
                    [isnext] => 
                )

        )

)


