Array
(
    [LogTime] => 2020-03-13 10:26:52
    [ServerIP] => 10.0.2.15
    [ClientIP] => 10.0.2.2
    [content] => ErrorTime:2020-03-13 10:26:52 
ErrorMsg: 您今日已经参与任务打卡了 
ErrorCode: [503] 
ServerIP: [10.0.2.15] 
ClientIP: [10.0.2.2] 
RequestUrl: [http://local.api.godleg.com/] 
Method: Services\Task\Task::checkUserTodayIsCheckIn
Params:
Array
(
    [0] => 6
    [1] => 1
)

StackTrace:
#0 /data/web/myself/godleg.com.sourcecode/Yaf-Server/library/Services/Task/Task.php(285): finger\Core::exception(503, '\xE6\x82\xA8\xE4\xBB\x8A\xE6\x97\xA5\xE5\xB7\xB2\xE7\xBB\x8F...')
#1 /data/web/myself/godleg.com.sourcecode/Yaf-Server/library/Services/Task/Task.php(164): Services\Task\Task::checkUserTodayIsCheckIn('6', 1)
#2 /data/web/myself/godleg.com.sourcecode/Yaf-Server/library/Apis/app/v100/Task/TaskCheckInApi.php(31): Services\Task\Task::do(1, '6', 3000, '106.75', '26.63', '')
#3 /data/web/myself/godleg.com.sourcecode/Yaf-Server/library/Apis/AbstractApi.php(81): Apis\app\v100\Task\TaskCheckInApi->runService()
#4 /data/web/myself/godleg.com.sourcecode/Yaf-Server/library/Apis/Factory.php(79): Apis\AbstractApi->__construct(Array, 'app', 'appid_test', '98040e3735acce4...')
#5 /data/web/myself/godleg.com.sourcecode/Yaf-Server/apps/controllers/Index.php(29): Apis\Factory::factory(Array)
#6 [internal function]: IndexController->indexAction()
#7 /data/web/myself/godleg.com.sourcecode/Yaf-Server/public/index.php(22): Yaf_Application->run()
#8 {main}
)


Array
(
    [LogTime] => 2020-03-13 11:04:35
    [ServerIP] => 10.0.2.15
    [ClientIP] => 10.0.2.2
    [content] => ErrorTime:2020-03-13 11:04:35 
ErrorMsg: 请勿重复签到! 
ErrorCode: [503] 
ServerIP: [10.0.2.15] 
ClientIP: [10.0.2.2] 
RequestUrl: [http://local.api.godleg.com/] 
Method: Services\Game\Checkin::do
Params:
Array
(
    [0] => 6
)

StackTrace:
#0 /data/web/myself/godleg.com.sourcecode/Yaf-Server/library/Services/Game/Checkin.php(41): finger\Core::exception(503, '\xE8\xAF\xB7\xE5\x8B\xBF\xE9\x87\x8D\xE5\xA4\x8D\xE7\xAD\xBE...')
#1 /data/web/myself/godleg.com.sourcecode/Yaf-Server/library/Apis/app/v100/Task/TaskCheckInApi.php(26): Services\Game\Checkin::do('6')
#2 /data/web/myself/godleg.com.sourcecode/Yaf-Server/library/Apis/AbstractApi.php(81): Apis\app\v100\Task\TaskCheckInApi->runService()
#3 /data/web/myself/godleg.com.sourcecode/Yaf-Server/library/Apis/Factory.php(79): Apis\AbstractApi->__construct(Array, 'app', 'appid_test', '98040e3735acce4...')
#4 /data/web/myself/godleg.com.sourcecode/Yaf-Server/apps/controllers/Index.php(29): Apis\Factory::factory(Array)
#5 [internal function]: IndexController->indexAction()
#6 /data/web/myself/godleg.com.sourcecode/Yaf-Server/public/index.php(22): Yaf_Application->run()
#7 {main}
)


Array
(
    [LogTime] => 2020-03-13 14:30:24
    [ServerIP] => 10.0.2.15
    [ClientIP] => 10.0.2.2
    [content] => ErrorTime:2020-03-13 14:30:24 
ErrorMsg: 您的 APP 太旧请升级! 
ErrorCode: [509] 
ServerIP: [10.0.2.15] 
ClientIP: [10.0.2.2] 
RequestUrl: [http://local.api.godleg.com/] 
Method: Apis\Factory::factory
Params:
Array
(
    [0] => Array
        (
            [post] => Array
                (
                    [data] => {"method":"task.check.in.detail","page":1,"token":"cebeCAEDAgMJVAJTVQVaAAFfUQ5UBlYGVVUFBVMFbFIADlAKUwVQCw0GUFYAAFMBUA4EDwcGAFcDXVZTUwtVPQADCQwBBQQBD1I7UmxRB0Q","device_token":"AhIWfj5ulQTChf8DsDti5ezNB8_1nEezN7eMIv6OfebA","v":"1.0.0","appid":"appid_test","timestamp":1584081024,"unique_id":"b91f5a1e50d6a0fff36dda5a1bb08d76","app_v":"1.0.0","token":"cebeCAEDAgMJVAJTVQVaAAFfUQ5UBlYGVVUFBVMFbFIADlAKUwVQCw0GUFYAAFMBUA4EDwcGAFcDXVZTUwtVPQADCQwBBQQBD1I7UmxRB0Q","longitude":"106.75","latitude":"26.63","channel":"huawei","platform":"1"}
                    [sign] => 981A9A216EED4A329A87D04FC364B1B3
                )

            [input] => 
        )

)

StackTrace:
#0 /data/web/myself/godleg.com.sourcecode/Yaf-Server/library/Apis/Factory.php(81): finger\Core::exception(509, '\xE6\x82\xA8\xE7\x9A\x84 APP \xE5\xA4\xAA\xE6...')
#1 /data/web/myself/godleg.com.sourcecode/Yaf-Server/apps/controllers/Index.php(29): Apis\Factory::factory(Array)
#2 [internal function]: IndexController->indexAction()
#3 /data/web/myself/godleg.com.sourcecode/Yaf-Server/public/index.php(22): Yaf_Application->run()
#4 {main}
)


Array
(
    [LogTime] => 2020-03-13 14:30:50
    [ServerIP] => 10.0.2.15
    [ClientIP] => 10.0.2.2
    [content] => ErrorTime:2020-03-13 14:30:50 
ErrorMsg: 您的 APP 太旧请升级! 
ErrorCode: [509] 
ServerIP: [10.0.2.15] 
ClientIP: [10.0.2.2] 
RequestUrl: [http://local.api.godleg.com/] 
Method: Apis\Factory::factory
Params:
Array
(
    [0] => Array
        (
            [post] => Array
                (
                    [data] => {"method":"task.check.in.detail","page":1,"token":"cebeCAEDAgMJVAJTVQVaAAFfUQ5UBlYGVVUFBVMFbFIADlAKUwVQCw0GUFYAAFMBUA4EDwcGAFcDXVZTUwtVPQADCQwBBQQBD1I7UmxRB0Q","device_token":"AhIWfj5ulQTChf8DsDti5ezNB8_1nEezN7eMIv6OfebA","v":"1.0.0","appid":"appid_test","timestamp":1584081050,"unique_id":"b91f5a1e50d6a0fff36dda5a1bb08d76","app_v":"1.0.0","token":"cebeCAEDAgMJVAJTVQVaAAFfUQ5UBlYGVVUFBVMFbFIADlAKUwVQCw0GUFYAAFMBUA4EDwcGAFcDXVZTUwtVPQADCQwBBQQBD1I7UmxRB0Q","longitude":"106.75","latitude":"26.63","channel":"huawei","platform":"1"}
                    [sign] => B3DBC705A12B3C5886B53ED03C4C1186
                )

            [input] => 
        )

)

StackTrace:
#0 /data/web/myself/godleg.com.sourcecode/Yaf-Server/library/Apis/Factory.php(81): finger\Core::exception(509, '\xE6\x82\xA8\xE7\x9A\x84 APP \xE5\xA4\xAA\xE6...')
#1 /data/web/myself/godleg.com.sourcecode/Yaf-Server/apps/controllers/Index.php(29): Apis\Factory::factory(Array)
#2 [internal function]: IndexController->indexAction()
#3 /data/web/myself/godleg.com.sourcecode/Yaf-Server/public/index.php(22): Yaf_Application->run()
#4 {main}
)


Array
(
    [LogTime] => 2020-03-13 14:31:02
    [ServerIP] => 10.0.2.15
    [ClientIP] => 10.0.2.2
    [content] => ErrorTime:2020-03-13 14:31:02 
ErrorMsg: 您的 APP 太旧请升级! 
ErrorCode: [509] 
ServerIP: [10.0.2.15] 
ClientIP: [10.0.2.2] 
RequestUrl: [http://local.api.godleg.com/] 
Method: Apis\Factory::factory
Params:
Array
(
    [0] => Array
        (
            [post] => Array
                (
                    [data] => {"method":"task.check.in.detail","page":1,"token":"cebeCAEDAgMJVAJTVQVaAAFfUQ5UBlYGVVUFBVMFbFIADlAKUwVQCw0GUFYAAFMBUA4EDwcGAFcDXVZTUwtVPQADCQwBBQQBD1I7UmxRB0Q","device_token":"AhIWfj5ulQTChf8DsDti5ezNB8_1nEezN7eMIv6OfebA","v":"1.0.0","appid":"appid_test","timestamp":1584081062,"unique_id":"b91f5a1e50d6a0fff36dda5a1bb08d76","app_v":"1.0.0","token":"cebeCAEDAgMJVAJTVQVaAAFfUQ5UBlYGVVUFBVMFbFIADlAKUwVQCw0GUFYAAFMBUA4EDwcGAFcDXVZTUwtVPQADCQwBBQQBD1I7UmxRB0Q","longitude":"106.75","latitude":"26.63","channel":"huawei","platform":"1"}
                    [sign] => 5FEF6F16563F519C2AFCC7CFC8AA7580
                )

            [input] => 
        )

)

StackTrace:
#0 /data/web/myself/godleg.com.sourcecode/Yaf-Server/library/Apis/Factory.php(81): finger\Core::exception(509, '\xE6\x82\xA8\xE7\x9A\x84 APP \xE5\xA4\xAA\xE6...')
#1 /data/web/myself/godleg.com.sourcecode/Yaf-Server/apps/controllers/Index.php(29): Apis\Factory::factory(Array)
#2 [internal function]: IndexController->indexAction()
#3 /data/web/myself/godleg.com.sourcecode/Yaf-Server/public/index.php(22): Yaf_Application->run()
#4 {main}
)


Array
(
    [LogTime] => 2020-03-13 14:31:28
    [ServerIP] => 10.0.2.15
    [ClientIP] => 10.0.2.2
    [content] => ErrorTime:2020-03-13 14:31:28 
ErrorMsg: 请勿重复签到! 
ErrorCode: [503] 
ServerIP: [10.0.2.15] 
ClientIP: [10.0.2.2] 
RequestUrl: [http://local.api.godleg.com/] 
Method: Services\Game\Checkin::do
Params:
Array
(
    [0] => 6
)

StackTrace:
#0 /data/web/myself/godleg.com.sourcecode/Yaf-Server/library/Services/Game/Checkin.php(41): finger\Core::exception(503, '\xE8\xAF\xB7\xE5\x8B\xBF\xE9\x87\x8D\xE5\xA4\x8D\xE7\xAD\xBE...')
#1 /data/web/myself/godleg.com.sourcecode/Yaf-Server/library/Apis/app/v100/Game/GameCheckInApi.php(26): Services\Game\Checkin::do('6')
#2 /data/web/myself/godleg.com.sourcecode/Yaf-Server/library/Apis/AbstractApi.php(81): Apis\app\v100\Game\GameCheckinApi->runService()
#3 /data/web/myself/godleg.com.sourcecode/Yaf-Server/library/Apis/Factory.php(79): Apis\AbstractApi->__construct(Array, 'app', 'appid_test', '98040e3735acce4...')
#4 /data/web/myself/godleg.com.sourcecode/Yaf-Server/apps/controllers/Index.php(29): Apis\Factory::factory(Array)
#5 [internal function]: IndexController->indexAction()
#6 /data/web/myself/godleg.com.sourcecode/Yaf-Server/public/index.php(22): Yaf_Application->run()
#7 {main}
)


Array
(
    [LogTime] => 2020-03-13 14:32:36
    [ServerIP] => 10.0.2.15
    [ClientIP] => 10.0.2.2
    [content] => ErrorTime:2020-03-13 14:32:36 
ErrorMsg: 请勿重复签到! 
ErrorCode: [503] 
ServerIP: [10.0.2.15] 
ClientIP: [10.0.2.2] 
RequestUrl: [http://local.api.godleg.com/] 
Method: Services\Game\Checkin::do
Params:
Array
(
    [0] => 6
)

StackTrace:
#0 /data/web/myself/godleg.com.sourcecode/Yaf-Server/library/Services/Game/Checkin.php(41): finger\Core::exception(503, '\xE8\xAF\xB7\xE5\x8B\xBF\xE9\x87\x8D\xE5\xA4\x8D\xE7\xAD\xBE...')
#1 /data/web/myself/godleg.com.sourcecode/Yaf-Server/library/Apis/app/v100/Game/GameCheckInApi.php(26): Services\Game\Checkin::do('6')
#2 /data/web/myself/godleg.com.sourcecode/Yaf-Server/library/Apis/AbstractApi.php(81): Apis\app\v100\Game\GameCheckInApi->runService()
#3 /data/web/myself/godleg.com.sourcecode/Yaf-Server/library/Apis/Factory.php(79): Apis\AbstractApi->__construct(Array, 'app', 'appid_test', '98040e3735acce4...')
#4 /data/web/myself/godleg.com.sourcecode/Yaf-Server/apps/controllers/Index.php(29): Apis\Factory::factory(Array)
#5 [internal function]: IndexController->indexAction()
#6 /data/web/myself/godleg.com.sourcecode/Yaf-Server/public/index.php(22): Yaf_Application->run()
#7 {main}
)


Array
(
    [LogTime] => 2020-03-13 14:33:50
    [ServerIP] => 10.0.2.15
    [ClientIP] => 10.0.2.2
    [content] => ErrorTime:2020-03-13 14:33:50 
ErrorMsg: 请勿重复签到! 
ErrorCode: [503] 
ServerIP: [10.0.2.15] 
ClientIP: [10.0.2.2] 
RequestUrl: [http://local.api.godleg.com/] 
Method: Services\Game\Checkin::do
Params:
Array
(
    [0] => 6
)

StackTrace:
#0 /data/web/myself/godleg.com.sourcecode/Yaf-Server/library/Services/Game/Checkin.php(51): finger\Core::exception(503, '\xE8\xAF\xB7\xE5\x8B\xBF\xE9\x87\x8D\xE5\xA4\x8D\xE7\xAD\xBE...')
#1 /data/web/myself/godleg.com.sourcecode/Yaf-Server/library/Apis/app/v100/Game/GameCheckInApi.php(26): Services\Game\Checkin::do('6')
#2 /data/web/myself/godleg.com.sourcecode/Yaf-Server/library/Apis/AbstractApi.php(81): Apis\app\v100\Game\GameCheckInApi->runService()
#3 /data/web/myself/godleg.com.sourcecode/Yaf-Server/library/Apis/Factory.php(79): Apis\AbstractApi->__construct(Array, 'app', 'appid_test', '98040e3735acce4...')
#4 /data/web/myself/godleg.com.sourcecode/Yaf-Server/apps/controllers/Index.php(29): Apis\Factory::factory(Array)
#5 [internal function]: IndexController->indexAction()
#6 /data/web/myself/godleg.com.sourcecode/Yaf-Server/public/index.php(22): Yaf_Application->run()
#7 {main}
)


